0 info it worked if it ends with ok
1 verbose cli [ '/usr/bin/node', '/usr/bin/npm', 'update', '--save' ]
2 info using npm@3.5.2
3 info using node@v8.10.0
4 silly mapToRegistry name @david.kucsai/react-pdf-table
5 silly mapToRegistry scope (from package name) @david.kucsai
6 verbose mapToRegistry no registry URL found in name for scope @david.kucsai
7 silly mapToRegistry using default registry
8 silly mapToRegistry registry https://registry.npmjs.org/
9 silly mapToRegistry uri https://registry.npmjs.org/@david.kucsai%2freact-pdf-table
10 silly mapToRegistry name @react-pdf/renderer
11 silly mapToRegistry scope (from package name) @react-pdf
12 verbose mapToRegistry no registry URL found in name for scope @react-pdf
13 silly mapToRegistry using default registry
14 silly mapToRegistry registry https://registry.npmjs.org/
15 silly mapToRegistry uri https://registry.npmjs.org/@react-pdf%2frenderer
16 silly mapToRegistry name file-saver
17 silly mapToRegistry using default registry
18 silly mapToRegistry registry https://registry.npmjs.org/
19 silly mapToRegistry uri https://registry.npmjs.org/file-saver
20 silly mapToRegistry name react-beautiful-dnd
21 silly mapToRegistry using default registry
22 silly mapToRegistry registry https://registry.npmjs.org/
23 silly mapToRegistry uri https://registry.npmjs.org/react-beautiful-dnd
24 silly mapToRegistry name react-select
25 silly mapToRegistry using default registry
26 silly mapToRegistry registry https://registry.npmjs.org/
27 silly mapToRegistry uri https://registry.npmjs.org/react-select
28 silly mapToRegistry name string-similarity
29 silly mapToRegistry using default registry
30 silly mapToRegistry registry https://registry.npmjs.org/
31 silly mapToRegistry uri https://registry.npmjs.org/string-similarity
32 silly mapToRegistry name uuid
33 silly mapToRegistry using default registry
34 silly mapToRegistry registry https://registry.npmjs.org/
35 silly mapToRegistry uri https://registry.npmjs.org/uuid
36 silly mapToRegistry name @testing-library/jest-dom
37 silly mapToRegistry scope (from package name) @testing-library
38 verbose mapToRegistry no registry URL found in name for scope @testing-library
39 silly mapToRegistry using default registry
40 silly mapToRegistry registry https://registry.npmjs.org/
41 silly mapToRegistry uri https://registry.npmjs.org/@testing-library%2fjest-dom
42 silly mapToRegistry name @testing-library/react
43 silly mapToRegistry scope (from package name) @testing-library
44 verbose mapToRegistry no registry URL found in name for scope @testing-library
45 silly mapToRegistry using default registry
46 silly mapToRegistry registry https://registry.npmjs.org/
47 silly mapToRegistry uri https://registry.npmjs.org/@testing-library%2freact
48 silly mapToRegistry name @testing-library/user-event
49 silly mapToRegistry scope (from package name) @testing-library
50 verbose mapToRegistry no registry URL found in name for scope @testing-library
51 silly mapToRegistry using default registry
52 silly mapToRegistry registry https://registry.npmjs.org/
53 silly mapToRegistry uri https://registry.npmjs.org/@testing-library%2fuser-event
54 silly mapToRegistry name axios
55 silly mapToRegistry using default registry
56 silly mapToRegistry registry https://registry.npmjs.org/
57 silly mapToRegistry uri https://registry.npmjs.org/axios
58 silly mapToRegistry name bootstrap
59 silly mapToRegistry using default registry
60 silly mapToRegistry registry https://registry.npmjs.org/
61 silly mapToRegistry uri https://registry.npmjs.org/bootstrap
62 silly mapToRegistry name chart.js
63 silly mapToRegistry using default registry
64 silly mapToRegistry registry https://registry.npmjs.org/
65 silly mapToRegistry uri https://registry.npmjs.org/chart.js
66 silly mapToRegistry name immutability-helper
67 silly mapToRegistry using default registry
68 silly mapToRegistry registry https://registry.npmjs.org/
69 silly mapToRegistry uri https://registry.npmjs.org/immutability-helper
70 silly mapToRegistry name react
71 silly mapToRegistry using default registry
72 silly mapToRegistry registry https://registry.npmjs.org/
73 silly mapToRegistry uri https://registry.npmjs.org/react
74 silly mapToRegistry name react-bootstrap
75 silly mapToRegistry using default registry
76 silly mapToRegistry registry https://registry.npmjs.org/
77 silly mapToRegistry uri https://registry.npmjs.org/react-bootstrap
78 silly mapToRegistry name react-bootstrap-range-slider
79 silly mapToRegistry using default registry
80 silly mapToRegistry registry https://registry.npmjs.org/
81 silly mapToRegistry uri https://registry.npmjs.org/react-bootstrap-range-slider
82 silly mapToRegistry name react-bootstrap-slider
83 silly mapToRegistry using default registry
84 silly mapToRegistry registry https://registry.npmjs.org/
85 silly mapToRegistry uri https://registry.npmjs.org/react-bootstrap-slider
86 silly mapToRegistry name react-chartjs-2
87 silly mapToRegistry using default registry
88 silly mapToRegistry registry https://registry.npmjs.org/
89 silly mapToRegistry uri https://registry.npmjs.org/react-chartjs-2
90 silly mapToRegistry name react-dom
91 silly mapToRegistry using default registry
92 silly mapToRegistry registry https://registry.npmjs.org/
93 silly mapToRegistry uri https://registry.npmjs.org/react-dom
94 silly mapToRegistry name react-google-charts
95 silly mapToRegistry using default registry
96 silly mapToRegistry registry https://registry.npmjs.org/
97 silly mapToRegistry uri https://registry.npmjs.org/react-google-charts
98 silly mapToRegistry name react-router-dom
99 silly mapToRegistry using default registry
100 silly mapToRegistry registry https://registry.npmjs.org/
101 silly mapToRegistry uri https://registry.npmjs.org/react-router-dom
102 silly mapToRegistry name react-scripts
103 silly mapToRegistry using default registry
104 silly mapToRegistry registry https://registry.npmjs.org/
105 silly mapToRegistry uri https://registry.npmjs.org/react-scripts
106 verbose request uri https://registry.npmjs.org/uuid
107 verbose request no auth needed
108 info attempt registry request try #1 at 7:05:26 PM
109 verbose request id 2cb42f3798e70c82
110 http request GET https://registry.npmjs.org/uuid
111 verbose request uri https://registry.npmjs.org/@david.kucsai%2freact-pdf-table
112 verbose request no auth needed
113 info attempt registry request try #1 at 7:05:26 PM
114 verbose etag W/"0a0510e61f9a838a3d31fc8809971f50"
115 verbose lastModified Wed, 05 Feb 2020 10:29:25 GMT
116 http request GET https://registry.npmjs.org/@david.kucsai%2freact-pdf-table
117 verbose request uri https://registry.npmjs.org/@react-pdf%2frenderer
118 verbose request no auth needed
119 info attempt registry request try #1 at 7:05:26 PM
120 verbose etag W/"1e0be619e98e88487d5927cfc4c9221d"
121 verbose lastModified Sun, 07 Nov 2021 22:38:23 GMT
122 http request GET https://registry.npmjs.org/@react-pdf%2frenderer
123 verbose request uri https://registry.npmjs.org/react-select
124 verbose request no auth needed
125 info attempt registry request try #1 at 7:05:26 PM
126 verbose etag W/"9dcc7f80be33702c7e4c92f85c08a50b"
127 verbose lastModified Fri, 05 Nov 2021 22:17:44 GMT
128 http request GET https://registry.npmjs.org/react-select
129 verbose request uri https://registry.npmjs.org/file-saver
130 verbose request no auth needed
131 info attempt registry request try #1 at 7:05:26 PM
132 verbose etag W/"feafe3a619263a93f1638a2e42455afa"
133 verbose lastModified Mon, 01 Nov 2021 11:24:27 GMT
134 http request GET https://registry.npmjs.org/file-saver
135 verbose request uri https://registry.npmjs.org/string-similarity
136 verbose request no auth needed
137 info attempt registry request try #1 at 7:05:26 PM
138 verbose etag W/"a917fb677f506f592340042688f496c3"
139 verbose lastModified Wed, 06 Jan 2021 08:44:47 GMT
140 http request GET https://registry.npmjs.org/string-similarity
141 verbose request uri https://registry.npmjs.org/react-beautiful-dnd
142 verbose request no auth needed
143 info attempt registry request try #1 at 7:05:26 PM
144 verbose etag W/"95cdf802fc58f59b9fe01a88781fcb81"
145 verbose lastModified Wed, 10 Nov 2021 16:47:20 GMT
146 http request GET https://registry.npmjs.org/react-beautiful-dnd
147 verbose request uri https://registry.npmjs.org/@testing-library%2fjest-dom
148 verbose request no auth needed
149 info attempt registry request try #1 at 7:05:26 PM
150 verbose etag W/"9723779f5cdfeba6b53055ff5df128d5"
151 verbose lastModified Tue, 02 Nov 2021 05:53:52 GMT
152 http request GET https://registry.npmjs.org/@testing-library%2fjest-dom
153 verbose request uri https://registry.npmjs.org/axios
154 verbose request no auth needed
155 info attempt registry request try #1 at 7:05:26 PM
156 verbose etag W/"3be1e57f858e3054fc6b6db71f04ef33"
157 verbose lastModified Sat, 30 Oct 2021 14:44:06 GMT
158 http request GET https://registry.npmjs.org/axios
159 verbose request uri https://registry.npmjs.org/bootstrap
160 verbose request no auth needed
161 info attempt registry request try #1 at 7:05:26 PM
162 verbose etag W/"5217553946aab91d0afcb484303e449b"
163 verbose lastModified Thu, 28 Oct 2021 15:31:47 GMT
164 http request GET https://registry.npmjs.org/bootstrap
165 verbose request uri https://registry.npmjs.org/@testing-library%2freact
166 verbose request no auth needed
167 info attempt registry request try #1 at 7:05:26 PM
168 verbose etag W/"591f854ab7bc00108806e3b05dea23aa"
169 verbose lastModified Sun, 31 Oct 2021 08:57:45 GMT
170 http request GET https://registry.npmjs.org/@testing-library%2freact
171 verbose request uri https://registry.npmjs.org/chart.js
172 verbose request no auth needed
173 info attempt registry request try #1 at 7:05:26 PM
174 verbose etag W/"9f8bc5166158ae2da26893b90fff4276"
175 verbose lastModified Sat, 23 Oct 2021 18:09:42 GMT
176 http request GET https://registry.npmjs.org/chart.js
177 verbose request uri https://registry.npmjs.org/immutability-helper
178 verbose request no auth needed
179 info attempt registry request try #1 at 7:05:26 PM
180 verbose etag W/"d9acbff57ac761cefbf88fb91883d223"
181 verbose lastModified Mon, 01 Jun 2020 01:06:21 GMT
182 http request GET https://registry.npmjs.org/immutability-helper
183 verbose request uri https://registry.npmjs.org/@testing-library%2fuser-event
184 verbose request no auth needed
185 info attempt registry request try #1 at 7:05:26 PM
186 verbose etag W/"e447259d6644d0ce92e436483dbac6be"
187 verbose lastModified Wed, 17 Nov 2021 14:15:13 GMT
188 http request GET https://registry.npmjs.org/@testing-library%2fuser-event
189 verbose request uri https://registry.npmjs.org/react-bootstrap-range-slider
190 verbose request no auth needed
191 info attempt registry request try #1 at 7:05:26 PM
192 verbose etag W/"3206c4c987564ae312e5de5158e63065"
193 verbose lastModified Sun, 31 Oct 2021 12:17:51 GMT
194 http request GET https://registry.npmjs.org/react-bootstrap-range-slider
195 verbose request uri https://registry.npmjs.org/react-bootstrap-slider
196 verbose request no auth needed
197 info attempt registry request try #1 at 7:05:26 PM
198 verbose etag W/"4d3e50d9ddc55ef3a9446371ccddd492"
199 verbose lastModified Thu, 18 Jun 2020 11:49:12 GMT
200 http request GET https://registry.npmjs.org/react-bootstrap-slider
201 verbose request uri https://registry.npmjs.org/react-bootstrap
202 verbose request no auth needed
203 info attempt registry request try #1 at 7:05:26 PM
204 verbose etag W/"38bb8636742a24e36743cff5a9d71ddc"
205 verbose lastModified Thu, 04 Nov 2021 19:00:35 GMT
206 http request GET https://registry.npmjs.org/react-bootstrap
207 verbose request uri https://registry.npmjs.org/react-chartjs-2
208 verbose request no auth needed
209 info attempt registry request try #1 at 7:05:26 PM
210 verbose etag W/"59d7877644a1c41a3ed7a0c0fb70cb1b"
211 verbose lastModified Tue, 26 Oct 2021 09:06:27 GMT
212 http request GET https://registry.npmjs.org/react-chartjs-2
213 verbose request uri https://registry.npmjs.org/react-google-charts
214 verbose request no auth needed
215 info attempt registry request try #1 at 7:05:26 PM
216 verbose etag W/"990280b36c2e1bf205e92a363d14d924"
217 verbose lastModified Fri, 30 Aug 2019 16:03:47 GMT
218 http request GET https://registry.npmjs.org/react-google-charts
219 verbose request uri https://registry.npmjs.org/react-router-dom
220 verbose request no auth needed
221 info attempt registry request try #1 at 7:05:26 PM
222 verbose etag W/"55c42dbf694f38b208b0a549bda5e27b"
223 verbose lastModified Tue, 09 Nov 2021 22:27:16 GMT
224 http request GET https://registry.npmjs.org/react-router-dom
225 verbose request uri https://registry.npmjs.org/react-scripts
226 verbose request no auth needed
227 info attempt registry request try #1 at 7:05:26 PM
228 verbose etag W/"0b1c329b503a5c3f39adb49a5d2809c7"
229 verbose lastModified Mon, 04 Oct 2021 18:37:48 GMT
230 http request GET https://registry.npmjs.org/react-scripts
231 verbose request uri https://registry.npmjs.org/react
232 verbose request no auth needed
233 info attempt registry request try #1 at 7:05:26 PM
234 verbose etag W/"7bb8a740d009f5c661a8ba4a95abd78a"
235 verbose lastModified Thu, 18 Nov 2021 16:15:36 GMT
236 http request GET https://registry.npmjs.org/react
237 verbose request uri https://registry.npmjs.org/react-dom
238 verbose request no auth needed
239 info attempt registry request try #1 at 7:05:26 PM
240 verbose etag W/"265e6de9dd6e0703001fec0f950a0ef9"
241 verbose lastModified Thu, 18 Nov 2021 16:15:49 GMT
242 http request GET https://registry.npmjs.org/react-dom
243 http 200 https://registry.npmjs.org/uuid
244 verbose headers { date: 'Thu, 18 Nov 2021 18:05:26 GMT',
244 verbose headers   'content-type': 'application/json',
244 verbose headers   'transfer-encoding': 'chunked',
244 verbose headers   connection: 'keep-alive',
244 verbose headers   'cf-ray': '6b032080aa550125-AMS',
244 verbose headers   age: '90',
244 verbose headers   'cache-control': 'public, max-age=300',
244 verbose headers   etag: 'W/"e3c2ca06c1e6533b4ea6ad1577751804"',
244 verbose headers   'last-modified': 'Sun, 12 Sep 2021 18:44:11 GMT',
244 verbose headers   vary: 'accept-encoding, accept',
244 verbose headers   'cf-cache-status': 'HIT',
244 verbose headers   'expect-ct': 'max-age=604800, report-uri="https://report-uri.cloudflare.com/cdn-cgi/beacon/expect-ct"',
244 verbose headers   'x-amz-replication-status': 'COMPLETED',
244 verbose headers   server: 'cloudflare',
244 verbose headers   'content-encoding': 'gzip' }
245 silly get cb [ 200,
245 silly get   { date: 'Thu, 18 Nov 2021 18:05:26 GMT',
245 silly get     'content-type': 'application/json',
245 silly get     'transfer-encoding': 'chunked',
245 silly get     connection: 'keep-alive',
245 silly get     'cf-ray': '6b032080aa550125-AMS',
245 silly get     age: '90',
245 silly get     'cache-control': 'public, max-age=300',
245 silly get     etag: 'W/"e3c2ca06c1e6533b4ea6ad1577751804"',
245 silly get     'last-modified': 'Sun, 12 Sep 2021 18:44:11 GMT',
245 silly get     vary: 'accept-encoding, accept',
245 silly get     'cf-cache-status': 'HIT',
245 silly get     'expect-ct': 'max-age=604800, report-uri="https://report-uri.cloudflare.com/cdn-cgi/beacon/expect-ct"',
245 silly get     'x-amz-replication-status': 'COMPLETED',
245 silly get     server: 'cloudflare',
245 silly get     'content-encoding': 'gzip' } ]
246 verbose get saving uuid to /home/pradhant/.npm/registry.npmjs.org/uuid/.cache.json
247 http 304 https://registry.npmjs.org/react-bootstrap
248 verbose headers { date: 'Thu, 18 Nov 2021 18:05:26 GMT',
248 verbose headers   connection: 'keep-alive',
248 verbose headers   'cf-ray': '6b032080cce04c7a-AMS',
248 verbose headers   age: '29',
248 verbose headers   'cache-control': 'public, max-age=300',
248 verbose headers   etag: '"38bb8636742a24e36743cff5a9d71ddc"',
248 verbose headers   'last-modified': 'Thu, 04 Nov 2021 19:00:35 GMT',
248 verbose headers   vary: 'Accept-Encoding',
248 verbose headers   'cf-cache-status': 'HIT',
248 verbose headers   'expect-ct': 'max-age=604800, report-uri="https://report-uri.cloudflare.com/cdn-cgi/beacon/expect-ct"',
248 verbose headers   'x-amz-replication-status': 'COMPLETED',
248 verbose headers   server: 'cloudflare' }
249 silly get cb [ 304,
249 silly get   { date: 'Thu, 18 Nov 2021 18:05:26 GMT',
249 silly get     connection: 'keep-alive',
249 silly get     'cf-ray': '6b032080cce04c7a-AMS',
249 silly get     age: '29',
249 silly get     'cache-control': 'public, max-age=300',
249 silly get     etag: '"38bb8636742a24e36743cff5a9d71ddc"',
249 silly get     'last-modified': 'Thu, 04 Nov 2021 19:00:35 GMT',
249 silly get     vary: 'Accept-Encoding',
249 silly get     'cf-cache-status': 'HIT',
249 silly get     'expect-ct': 'max-age=604800, report-uri="https://report-uri.cloudflare.com/cdn-cgi/beacon/expect-ct"',
249 silly get     'x-amz-replication-status': 'COMPLETED',
249 silly get     server: 'cloudflare' } ]
250 verbose etag https://registry.npmjs.org/react-bootstrap from cache
251 verbose get saving react-bootstrap to /home/pradhant/.npm/registry.npmjs.org/react-bootstrap/.cache.json
252 http 304 https://registry.npmjs.org/react-select
253 verbose headers { date: 'Thu, 18 Nov 2021 18:05:26 GMT',
253 verbose headers   connection: 'keep-alive',
253 verbose headers   'cf-ray': '6b032080cd914c31-AMS',
253 verbose headers   age: '78',
253 verbose headers   'cache-control': 'public, max-age=300',
253 verbose headers   etag: '"9dcc7f80be33702c7e4c92f85c08a50b"',
253 verbose headers   'last-modified': 'Fri, 05 Nov 2021 22:17:44 GMT',
253 verbose headers   vary: 'Accept-Encoding',
253 verbose headers   'cf-cache-status': 'HIT',
253 verbose headers   'expect-ct': 'max-age=604800, report-uri="https://report-uri.cloudflare.com/cdn-cgi/beacon/expect-ct"',
253 verbose headers   'x-amz-replication-status': 'COMPLETED',
253 verbose headers   server: 'cloudflare' }
254 silly get cb [ 304,
254 silly get   { date: 'Thu, 18 Nov 2021 18:05:26 GMT',
254 silly get     connection: 'keep-alive',
254 silly get     'cf-ray': '6b032080cd914c31-AMS',
254 silly get     age: '78',
254 silly get     'cache-control': 'public, max-age=300',
254 silly get     etag: '"9dcc7f80be33702c7e4c92f85c08a50b"',
254 silly get     'last-modified': 'Fri, 05 Nov 2021 22:17:44 GMT',
254 silly get     vary: 'Accept-Encoding',
254 silly get     'cf-cache-status': 'HIT',
254 silly get     'expect-ct': 'max-age=604800, report-uri="https://report-uri.cloudflare.com/cdn-cgi/beacon/expect-ct"',
254 silly get     'x-amz-replication-status': 'COMPLETED',
254 silly get     server: 'cloudflare' } ]
255 verbose etag https://registry.npmjs.org/react-select from cache
256 verbose get saving react-select to /home/pradhant/.npm/registry.npmjs.org/react-select/.cache.json
257 http 304 https://registry.npmjs.org/react-scripts
258 verbose headers { date: 'Thu, 18 Nov 2021 18:05:26 GMT',
258 verbose headers   connection: 'keep-alive',
258 verbose headers   'cf-ray': '6b032080df8a1ece-AMS',
258 verbose headers   age: '286',
258 verbose headers   'cache-control': 'public, max-age=300',
258 verbose headers   etag: '"0b1c329b503a5c3f39adb49a5d2809c7"',
258 verbose headers   'last-modified': 'Mon, 04 Oct 2021 18:37:48 GMT',
258 verbose headers   vary: 'Accept-Encoding',
258 verbose headers   'cf-cache-status': 'HIT',
258 verbose headers   'expect-ct': 'max-age=604800, report-uri="https://report-uri.cloudflare.com/cdn-cgi/beacon/expect-ct"',
258 verbose headers   'x-amz-replication-status': 'COMPLETED',
258 verbose headers   server: 'cloudflare' }
259 silly get cb [ 304,
259 silly get   { date: 'Thu, 18 Nov 2021 18:05:26 GMT',
259 silly get     connection: 'keep-alive',
259 silly get     'cf-ray': '6b032080df8a1ece-AMS',
259 silly get     age: '286',
259 silly get     'cache-control': 'public, max-age=300',
259 silly get     etag: '"0b1c329b503a5c3f39adb49a5d2809c7"',
259 silly get     'last-modified': 'Mon, 04 Oct 2021 18:37:48 GMT',
259 silly get     vary: 'Accept-Encoding',
259 silly get     'cf-cache-status': 'HIT',
259 silly get     'expect-ct': 'max-age=604800, report-uri="https://report-uri.cloudflare.com/cdn-cgi/beacon/expect-ct"',
259 silly get     'x-amz-replication-status': 'COMPLETED',
259 silly get     server: 'cloudflare' } ]
260 verbose etag https://registry.npmjs.org/react-scripts from cache
261 verbose get saving react-scripts to /home/pradhant/.npm/registry.npmjs.org/react-scripts/.cache.json
262 http 304 https://registry.npmjs.org/react-chartjs-2
263 verbose headers { date: 'Thu, 18 Nov 2021 18:05:26 GMT',
263 verbose headers   connection: 'keep-alive',
263 verbose headers   'cf-ray': '6b032080cb2e0c8d-AMS',
263 verbose headers   age: '112',
263 verbose headers   'cache-control': 'public, max-age=300',
263 verbose headers   etag: '"59d7877644a1c41a3ed7a0c0fb70cb1b"',
263 verbose headers   'last-modified': 'Tue, 26 Oct 2021 09:06:27 GMT',
263 verbose headers   vary: 'Accept-Encoding',
263 verbose headers   'cf-cache-status': 'HIT',
263 verbose headers   'expect-ct': 'max-age=604800, report-uri="https://report-uri.cloudflare.com/cdn-cgi/beacon/expect-ct"',
263 verbose headers   'x-amz-replication-status': 'COMPLETED',
263 verbose headers   server: 'cloudflare' }
264 silly get cb [ 304,
264 silly get   { date: 'Thu, 18 Nov 2021 18:05:26 GMT',
264 silly get     connection: 'keep-alive',
264 silly get     'cf-ray': '6b032080cb2e0c8d-AMS',
264 silly get     age: '112',
264 silly get     'cache-control': 'public, max-age=300',
264 silly get     etag: '"59d7877644a1c41a3ed7a0c0fb70cb1b"',
264 silly get     'last-modified': 'Tue, 26 Oct 2021 09:06:27 GMT',
264 silly get     vary: 'Accept-Encoding',
264 silly get     'cf-cache-status': 'HIT',
264 silly get     'expect-ct': 'max-age=604800, report-uri="https://report-uri.cloudflare.com/cdn-cgi/beacon/expect-ct"',
264 silly get     'x-amz-replication-status': 'COMPLETED',
264 silly get     server: 'cloudflare' } ]
265 verbose etag https://registry.npmjs.org/react-chartjs-2 from cache
266 verbose get saving react-chartjs-2 to /home/pradhant/.npm/registry.npmjs.org/react-chartjs-2/.cache.json
267 http 304 https://registry.npmjs.org/immutability-helper
268 verbose headers { date: 'Thu, 18 Nov 2021 18:05:26 GMT',
268 verbose headers   connection: 'keep-alive',
268 verbose headers   'cf-ray': '6b032080ce190b67-AMS',
268 verbose headers   age: '183',
268 verbose headers   'cache-control': 'public, max-age=300',
268 verbose headers   etag: '"d9acbff57ac761cefbf88fb91883d223"',
268 verbose headers   'last-modified': 'Mon, 01 Jun 2020 01:06:21 GMT',
268 verbose headers   vary: 'Accept-Encoding',
268 verbose headers   'cf-cache-status': 'HIT',
268 verbose headers   'expect-ct': 'max-age=604800, report-uri="https://report-uri.cloudflare.com/cdn-cgi/beacon/expect-ct"',
268 verbose headers   server: 'cloudflare' }
269 silly get cb [ 304,
269 silly get   { date: 'Thu, 18 Nov 2021 18:05:26 GMT',
269 silly get     connection: 'keep-alive',
269 silly get     'cf-ray': '6b032080ce190b67-AMS',
269 silly get     age: '183',
269 silly get     'cache-control': 'public, max-age=300',
269 silly get     etag: '"d9acbff57ac761cefbf88fb91883d223"',
269 silly get     'last-modified': 'Mon, 01 Jun 2020 01:06:21 GMT',
269 silly get     vary: 'Accept-Encoding',
269 silly get     'cf-cache-status': 'HIT',
269 silly get     'expect-ct': 'max-age=604800, report-uri="https://report-uri.cloudflare.com/cdn-cgi/beacon/expect-ct"',
269 silly get     server: 'cloudflare' } ]
270 verbose etag https://registry.npmjs.org/immutability-helper from cache
271 verbose get saving immutability-helper to /home/pradhant/.npm/registry.npmjs.org/immutability-helper/.cache.json
272 http 304 https://registry.npmjs.org/file-saver
273 verbose headers { date: 'Thu, 18 Nov 2021 18:05:26 GMT',
273 verbose headers   connection: 'keep-alive',
273 verbose headers   'cf-ray': '6b032080c8e84248-AMS',
273 verbose headers   age: '94',
273 verbose headers   'cache-control': 'public, max-age=300',
273 verbose headers   etag: '"feafe3a619263a93f1638a2e42455afa"',
273 verbose headers   'last-modified': 'Mon, 01 Nov 2021 11:24:27 GMT',
273 verbose headers   vary: 'Accept-Encoding',
273 verbose headers   'cf-cache-status': 'HIT',
273 verbose headers   'expect-ct': 'max-age=604800, report-uri="https://report-uri.cloudflare.com/cdn-cgi/beacon/expect-ct"',
273 verbose headers   'x-amz-replication-status': 'COMPLETED',
273 verbose headers   server: 'cloudflare' }
274 silly get cb [ 304,
274 silly get   { date: 'Thu, 18 Nov 2021 18:05:26 GMT',
274 silly get     connection: 'keep-alive',
274 silly get     'cf-ray': '6b032080c8e84248-AMS',
274 silly get     age: '94',
274 silly get     'cache-control': 'public, max-age=300',
274 silly get     etag: '"feafe3a619263a93f1638a2e42455afa"',
274 silly get     'last-modified': 'Mon, 01 Nov 2021 11:24:27 GMT',
274 silly get     vary: 'Accept-Encoding',
274 silly get     'cf-cache-status': 'HIT',
274 silly get     'expect-ct': 'max-age=604800, report-uri="https://report-uri.cloudflare.com/cdn-cgi/beacon/expect-ct"',
274 silly get     'x-amz-replication-status': 'COMPLETED',
274 silly get     server: 'cloudflare' } ]
275 verbose etag https://registry.npmjs.org/file-saver from cache
276 verbose get saving file-saver to /home/pradhant/.npm/registry.npmjs.org/file-saver/.cache.json
277 http 304 https://registry.npmjs.org/string-similarity
278 verbose headers { date: 'Thu, 18 Nov 2021 18:05:26 GMT',
278 verbose headers   connection: 'keep-alive',
278 verbose headers   'cf-ray': '6b032080ccba203f-AMS',
278 verbose headers   age: '74',
278 verbose headers   'cache-control': 'public, max-age=300',
278 verbose headers   etag: '"a917fb677f506f592340042688f496c3"',
278 verbose headers   'last-modified': 'Wed, 06 Jan 2021 08:44:47 GMT',
278 verbose headers   vary: 'Accept-Encoding',
278 verbose headers   'cf-cache-status': 'HIT',
278 verbose headers   'expect-ct': 'max-age=604800, report-uri="https://report-uri.cloudflare.com/cdn-cgi/beacon/expect-ct"',
278 verbose headers   server: 'cloudflare' }
279 silly get cb [ 304,
279 silly get   { date: 'Thu, 18 Nov 2021 18:05:26 GMT',
279 silly get     connection: 'keep-alive',
279 silly get     'cf-ray': '6b032080ccba203f-AMS',
279 silly get     age: '74',
279 silly get     'cache-control': 'public, max-age=300',
279 silly get     etag: '"a917fb677f506f592340042688f496c3"',
279 silly get     'last-modified': 'Wed, 06 Jan 2021 08:44:47 GMT',
279 silly get     vary: 'Accept-Encoding',
279 silly get     'cf-cache-status': 'HIT',
279 silly get     'expect-ct': 'max-age=604800, report-uri="https://report-uri.cloudflare.com/cdn-cgi/beacon/expect-ct"',
279 silly get     server: 'cloudflare' } ]
280 verbose etag https://registry.npmjs.org/string-similarity from cache
281 verbose get saving string-similarity to /home/pradhant/.npm/registry.npmjs.org/string-similarity/.cache.json
282 http 304 https://registry.npmjs.org/react-beautiful-dnd
283 verbose headers { date: 'Thu, 18 Nov 2021 18:05:26 GMT',
283 verbose headers   connection: 'keep-alive',
283 verbose headers   'cf-ray': '6b032080c8056b3c-AMS',
283 verbose headers   age: '187',
283 verbose headers   'cache-control': 'public, max-age=300',
283 verbose headers   etag: '"95cdf802fc58f59b9fe01a88781fcb81"',
283 verbose headers   'last-modified': 'Wed, 10 Nov 2021 16:47:20 GMT',
283 verbose headers   vary: 'Accept-Encoding',
283 verbose headers   'cf-cache-status': 'HIT',
283 verbose headers   'expect-ct': 'max-age=604800, report-uri="https://report-uri.cloudflare.com/cdn-cgi/beacon/expect-ct"',
283 verbose headers   'x-amz-replication-status': 'COMPLETED',
283 verbose headers   server: 'cloudflare' }
284 silly get cb [ 304,
284 silly get   { date: 'Thu, 18 Nov 2021 18:05:26 GMT',
284 silly get     connection: 'keep-alive',
284 silly get     'cf-ray': '6b032080c8056b3c-AMS',
284 silly get     age: '187',
284 silly get     'cache-control': 'public, max-age=300',
284 silly get     etag: '"95cdf802fc58f59b9fe01a88781fcb81"',
284 silly get     'last-modified': 'Wed, 10 Nov 2021 16:47:20 GMT',
284 silly get     vary: 'Accept-Encoding',
284 silly get     'cf-cache-status': 'HIT',
284 silly get     'expect-ct': 'max-age=604800, report-uri="https://report-uri.cloudflare.com/cdn-cgi/beacon/expect-ct"',
284 silly get     'x-amz-replication-status': 'COMPLETED',
284 silly get     server: 'cloudflare' } ]
285 verbose etag https://registry.npmjs.org/react-beautiful-dnd from cache
286 verbose get saving react-beautiful-dnd to /home/pradhant/.npm/registry.npmjs.org/react-beautiful-dnd/.cache.json
287 http 304 https://registry.npmjs.org/react-dom
288 verbose headers { date: 'Thu, 18 Nov 2021 18:05:26 GMT',
288 verbose headers   connection: 'keep-alive',
288 verbose headers   'cf-ray': '6b032080dc51bdaa-AMS',
288 verbose headers   age: '143',
288 verbose headers   'cache-control': 'public, max-age=300',
288 verbose headers   etag: '"265e6de9dd6e0703001fec0f950a0ef9"',
288 verbose headers   'last-modified': 'Thu, 18 Nov 2021 16:15:49 GMT',
288 verbose headers   vary: 'Accept-Encoding',
288 verbose headers   'cf-cache-status': 'HIT',
288 verbose headers   'expect-ct': 'max-age=604800, report-uri="https://report-uri.cloudflare.com/cdn-cgi/beacon/expect-ct"',
288 verbose headers   'x-amz-replication-status': 'COMPLETED',
288 verbose headers   server: 'cloudflare' }
289 silly get cb [ 304,
289 silly get   { date: 'Thu, 18 Nov 2021 18:05:26 GMT',
289 silly get     connection: 'keep-alive',
289 silly get     'cf-ray': '6b032080dc51bdaa-AMS',
289 silly get     age: '143',
289 silly get     'cache-control': 'public, max-age=300',
289 silly get     etag: '"265e6de9dd6e0703001fec0f950a0ef9"',
289 silly get     'last-modified': 'Thu, 18 Nov 2021 16:15:49 GMT',
289 silly get     vary: 'Accept-Encoding',
289 silly get     'cf-cache-status': 'HIT',
289 silly get     'expect-ct': 'max-age=604800, report-uri="https://report-uri.cloudflare.com/cdn-cgi/beacon/expect-ct"',
289 silly get     'x-amz-replication-status': 'COMPLETED',
289 silly get     server: 'cloudflare' } ]
290 verbose etag https://registry.npmjs.org/react-dom from cache
291 verbose get saving react-dom to /home/pradhant/.npm/registry.npmjs.org/react-dom/.cache.json
292 http 304 https://registry.npmjs.org/chart.js
293 verbose headers { date: 'Thu, 18 Nov 2021 18:05:26 GMT',
293 verbose headers   connection: 'keep-alive',
293 verbose headers   'cf-ray': '6b032080cafb1e71-AMS',
293 verbose headers   age: '68',
293 verbose headers   'cache-control': 'public, max-age=300',
293 verbose headers   etag: '"9f8bc5166158ae2da26893b90fff4276"',
293 verbose headers   'last-modified': 'Sat, 23 Oct 2021 18:09:42 GMT',
293 verbose headers   vary: 'Accept-Encoding',
293 verbose headers   'cf-cache-status': 'HIT',
293 verbose headers   'expect-ct': 'max-age=604800, report-uri="https://report-uri.cloudflare.com/cdn-cgi/beacon/expect-ct"',
293 verbose headers   'x-amz-replication-status': 'PENDING',
293 verbose headers   server: 'cloudflare' }
294 silly get cb [ 304,
294 silly get   { date: 'Thu, 18 Nov 2021 18:05:26 GMT',
294 silly get     connection: 'keep-alive',
294 silly get     'cf-ray': '6b032080cafb1e71-AMS',
294 silly get     age: '68',
294 silly get     'cache-control': 'public, max-age=300',
294 silly get     etag: '"9f8bc5166158ae2da26893b90fff4276"',
294 silly get     'last-modified': 'Sat, 23 Oct 2021 18:09:42 GMT',
294 silly get     vary: 'Accept-Encoding',
294 silly get     'cf-cache-status': 'HIT',
294 silly get     'expect-ct': 'max-age=604800, report-uri="https://report-uri.cloudflare.com/cdn-cgi/beacon/expect-ct"',
294 silly get     'x-amz-replication-status': 'PENDING',
294 silly get     server: 'cloudflare' } ]
295 verbose etag https://registry.npmjs.org/chart.js from cache
296 verbose get saving chart.js to /home/pradhant/.npm/registry.npmjs.org/chart.js/.cache.json
297 http 304 https://registry.npmjs.org/react-router-dom
298 verbose headers { date: 'Thu, 18 Nov 2021 18:05:26 GMT',
298 verbose headers   connection: 'keep-alive',
298 verbose headers   'cf-ray': '6b032080c8990b4f-AMS',
298 verbose headers   age: '2',
298 verbose headers   'cache-control': 'public, max-age=300',
298 verbose headers   etag: '"55c42dbf694f38b208b0a549bda5e27b"',
298 verbose headers   'last-modified': 'Tue, 09 Nov 2021 22:27:16 GMT',
298 verbose headers   vary: 'Accept-Encoding',
298 verbose headers   'cf-cache-status': 'HIT',
298 verbose headers   'expect-ct': 'max-age=604800, report-uri="https://report-uri.cloudflare.com/cdn-cgi/beacon/expect-ct"',
298 verbose headers   'x-amz-replication-status': 'PENDING',
298 verbose headers   server: 'cloudflare' }
299 silly get cb [ 304,
299 silly get   { date: 'Thu, 18 Nov 2021 18:05:26 GMT',
299 silly get     connection: 'keep-alive',
299 silly get     'cf-ray': '6b032080c8990b4f-AMS',
299 silly get     age: '2',
299 silly get     'cache-control': 'public, max-age=300',
299 silly get     etag: '"55c42dbf694f38b208b0a549bda5e27b"',
299 silly get     'last-modified': 'Tue, 09 Nov 2021 22:27:16 GMT',
299 silly get     vary: 'Accept-Encoding',
299 silly get     'cf-cache-status': 'HIT',
299 silly get     'expect-ct': 'max-age=604800, report-uri="https://report-uri.cloudflare.com/cdn-cgi/beacon/expect-ct"',
299 silly get     'x-amz-replication-status': 'PENDING',
299 silly get     server: 'cloudflare' } ]
300 verbose etag https://registry.npmjs.org/react-router-dom from cache
301 verbose get saving react-router-dom to /home/pradhant/.npm/registry.npmjs.org/react-router-dom/.cache.json
302 http 304 https://registry.npmjs.org/react
303 verbose headers { date: 'Thu, 18 Nov 2021 18:05:26 GMT',
303 verbose headers   connection: 'keep-alive',
303 verbose headers   'cf-ray': '6b032080df24203b-AMS',
303 verbose headers   age: '150',
303 verbose headers   'cache-control': 'public, max-age=300',
303 verbose headers   etag: '"7bb8a740d009f5c661a8ba4a95abd78a"',
303 verbose headers   'last-modified': 'Thu, 18 Nov 2021 16:15:36 GMT',
303 verbose headers   vary: 'Accept-Encoding',
303 verbose headers   'cf-cache-status': 'HIT',
303 verbose headers   'expect-ct': 'max-age=604800, report-uri="https://report-uri.cloudflare.com/cdn-cgi/beacon/expect-ct"',
303 verbose headers   'x-amz-replication-status': 'COMPLETED',
303 verbose headers   server: 'cloudflare' }
304 silly get cb [ 304,
304 silly get   { date: 'Thu, 18 Nov 2021 18:05:26 GMT',
304 silly get     connection: 'keep-alive',
304 silly get     'cf-ray': '6b032080df24203b-AMS',
304 silly get     age: '150',
304 silly get     'cache-control': 'public, max-age=300',
304 silly get     etag: '"7bb8a740d009f5c661a8ba4a95abd78a"',
304 silly get     'last-modified': 'Thu, 18 Nov 2021 16:15:36 GMT',
304 silly get     vary: 'Accept-Encoding',
304 silly get     'cf-cache-status': 'HIT',
304 silly get     'expect-ct': 'max-age=604800, report-uri="https://report-uri.cloudflare.com/cdn-cgi/beacon/expect-ct"',
304 silly get     'x-amz-replication-status': 'COMPLETED',
304 silly get     server: 'cloudflare' } ]
305 verbose etag https://registry.npmjs.org/react from cache
306 verbose get saving react to /home/pradhant/.npm/registry.npmjs.org/react/.cache.json
307 http 304 https://registry.npmjs.org/axios
308 verbose headers { date: 'Thu, 18 Nov 2021 18:05:26 GMT',
308 verbose headers   connection: 'keep-alive',
308 verbose headers   'cf-ray': '6b032080cadc6b27-AMS',
308 verbose headers   age: '266',
308 verbose headers   'cache-control': 'public, max-age=300',
308 verbose headers   etag: '"3be1e57f858e3054fc6b6db71f04ef33"',
308 verbose headers   'last-modified': 'Sat, 30 Oct 2021 14:44:06 GMT',
308 verbose headers   vary: 'Accept-Encoding',
308 verbose headers   'cf-cache-status': 'HIT',
308 verbose headers   'expect-ct': 'max-age=604800, report-uri="https://report-uri.cloudflare.com/cdn-cgi/beacon/expect-ct"',
308 verbose headers   'x-amz-replication-status': 'COMPLETED',
308 verbose headers   server: 'cloudflare' }
309 silly get cb [ 304,
309 silly get   { date: 'Thu, 18 Nov 2021 18:05:26 GMT',
309 silly get     connection: 'keep-alive',
309 silly get     'cf-ray': '6b032080cadc6b27-AMS',
309 silly get     age: '266',
309 silly get     'cache-control': 'public, max-age=300',
309 silly get     etag: '"3be1e57f858e3054fc6b6db71f04ef33"',
309 silly get     'last-modified': 'Sat, 30 Oct 2021 14:44:06 GMT',
309 silly get     vary: 'Accept-Encoding',
309 silly get     'cf-cache-status': 'HIT',
309 silly get     'expect-ct': 'max-age=604800, report-uri="https://report-uri.cloudflare.com/cdn-cgi/beacon/expect-ct"',
309 silly get     'x-amz-replication-status': 'COMPLETED',
309 silly get     server: 'cloudflare' } ]
310 verbose etag https://registry.npmjs.org/axios from cache
311 verbose get saving axios to /home/pradhant/.npm/registry.npmjs.org/axios/.cache.json
312 http 304 https://registry.npmjs.org/@testing-library%2freact
313 verbose headers { date: 'Thu, 18 Nov 2021 18:05:26 GMT',
313 verbose headers   connection: 'keep-alive',
313 verbose headers   'cf-ray': '6b032080cca24200-AMS',
313 verbose headers   age: '207',
313 verbose headers   'cache-control': 'public, max-age=300',
313 verbose headers   etag: '"591f854ab7bc00108806e3b05dea23aa"',
313 verbose headers   'last-modified': 'Sun, 31 Oct 2021 08:57:45 GMT',
313 verbose headers   vary: 'Accept-Encoding',
313 verbose headers   'cf-cache-status': 'HIT',
313 verbose headers   'expect-ct': 'max-age=604800, report-uri="https://report-uri.cloudflare.com/cdn-cgi/beacon/expect-ct"',
313 verbose headers   'x-amz-replication-status': 'COMPLETED',
313 verbose headers   server: 'cloudflare' }
314 silly get cb [ 304,
314 silly get   { date: 'Thu, 18 Nov 2021 18:05:26 GMT',
314 silly get     connection: 'keep-alive',
314 silly get     'cf-ray': '6b032080cca24200-AMS',
314 silly get     age: '207',
314 silly get     'cache-control': 'public, max-age=300',
314 silly get     etag: '"591f854ab7bc00108806e3b05dea23aa"',
314 silly get     'last-modified': 'Sun, 31 Oct 2021 08:57:45 GMT',
314 silly get     vary: 'Accept-Encoding',
314 silly get     'cf-cache-status': 'HIT',
314 silly get     'expect-ct': 'max-age=604800, report-uri="https://report-uri.cloudflare.com/cdn-cgi/beacon/expect-ct"',
314 silly get     'x-amz-replication-status': 'COMPLETED',
314 silly get     server: 'cloudflare' } ]
315 verbose etag https://registry.npmjs.org/@testing-library%2freact from cache
316 verbose get saving @testing-library/react to /home/pradhant/.npm/registry.npmjs.org/_40testing-library_252freact/.cache.json
317 http 304 https://registry.npmjs.org/@testing-library%2fuser-event
318 verbose headers { date: 'Thu, 18 Nov 2021 18:05:26 GMT',
318 verbose headers   connection: 'keep-alive',
318 verbose headers   'cf-ray': '6b032080cc7a0b6f-AMS',
318 verbose headers   age: '260',
318 verbose headers   'cache-control': 'public, max-age=300',
318 verbose headers   etag: '"e447259d6644d0ce92e436483dbac6be"',
318 verbose headers   'last-modified': 'Wed, 17 Nov 2021 14:15:13 GMT',
318 verbose headers   vary: 'Accept-Encoding',
318 verbose headers   'cf-cache-status': 'HIT',
318 verbose headers   'expect-ct': 'max-age=604800, report-uri="https://report-uri.cloudflare.com/cdn-cgi/beacon/expect-ct"',
318 verbose headers   'x-amz-replication-status': 'PENDING',
318 verbose headers   server: 'cloudflare' }
319 silly get cb [ 304,
319 silly get   { date: 'Thu, 18 Nov 2021 18:05:26 GMT',
319 silly get     connection: 'keep-alive',
319 silly get     'cf-ray': '6b032080cc7a0b6f-AMS',
319 silly get     age: '260',
319 silly get     'cache-control': 'public, max-age=300',
319 silly get     etag: '"e447259d6644d0ce92e436483dbac6be"',
319 silly get     'last-modified': 'Wed, 17 Nov 2021 14:15:13 GMT',
319 silly get     vary: 'Accept-Encoding',
319 silly get     'cf-cache-status': 'HIT',
319 silly get     'expect-ct': 'max-age=604800, report-uri="https://report-uri.cloudflare.com/cdn-cgi/beacon/expect-ct"',
319 silly get     'x-amz-replication-status': 'PENDING',
319 silly get     server: 'cloudflare' } ]
320 verbose etag https://registry.npmjs.org/@testing-library%2fuser-event from cache
321 verbose get saving @testing-library/user-event to /home/pradhant/.npm/registry.npmjs.org/_40testing-library_252fuser-event/.cache.json
322 http 304 https://registry.npmjs.org/react-google-charts
323 verbose headers { date: 'Thu, 18 Nov 2021 18:05:26 GMT',
323 verbose headers   connection: 'keep-alive',
323 verbose headers   'cf-ray': '6b032080cca80b74-AMS',
323 verbose headers   age: '103',
323 verbose headers   'cache-control': 'public, max-age=300',
323 verbose headers   etag: '"990280b36c2e1bf205e92a363d14d924"',
323 verbose headers   'last-modified': 'Fri, 30 Aug 2019 16:03:47 GMT',
323 verbose headers   vary: 'Accept-Encoding',
323 verbose headers   'cf-cache-status': 'HIT',
323 verbose headers   'expect-ct': 'max-age=604800, report-uri="https://report-uri.cloudflare.com/cdn-cgi/beacon/expect-ct"',
323 verbose headers   server: 'cloudflare' }
324 silly get cb [ 304,
324 silly get   { date: 'Thu, 18 Nov 2021 18:05:26 GMT',
324 silly get     connection: 'keep-alive',
324 silly get     'cf-ray': '6b032080cca80b74-AMS',
324 silly get     age: '103',
324 silly get     'cache-control': 'public, max-age=300',
324 silly get     etag: '"990280b36c2e1bf205e92a363d14d924"',
324 silly get     'last-modified': 'Fri, 30 Aug 2019 16:03:47 GMT',
324 silly get     vary: 'Accept-Encoding',
324 silly get     'cf-cache-status': 'HIT',
324 silly get     'expect-ct': 'max-age=604800, report-uri="https://report-uri.cloudflare.com/cdn-cgi/beacon/expect-ct"',
324 silly get     server: 'cloudflare' } ]
325 verbose etag https://registry.npmjs.org/react-google-charts from cache
326 verbose get saving react-google-charts to /home/pradhant/.npm/registry.npmjs.org/react-google-charts/.cache.json
327 http 304 https://registry.npmjs.org/@testing-library%2fjest-dom
328 verbose headers { date: 'Thu, 18 Nov 2021 18:05:26 GMT',
328 verbose headers   connection: 'keep-alive',
328 verbose headers   'cf-ray': '6b032080ce46597d-AMS',
328 verbose headers   age: '30',
328 verbose headers   'cache-control': 'public, max-age=300',
328 verbose headers   etag: '"9723779f5cdfeba6b53055ff5df128d5"',
328 verbose headers   'last-modified': 'Tue, 02 Nov 2021 05:53:52 GMT',
328 verbose headers   vary: 'Accept-Encoding',
328 verbose headers   'cf-cache-status': 'HIT',
328 verbose headers   'expect-ct': 'max-age=604800, report-uri="https://report-uri.cloudflare.com/cdn-cgi/beacon/expect-ct"',
328 verbose headers   'x-amz-replication-status': 'PENDING',
328 verbose headers   server: 'cloudflare' }
329 silly get cb [ 304,
329 silly get   { date: 'Thu, 18 Nov 2021 18:05:26 GMT',
329 silly get     connection: 'keep-alive',
329 silly get     'cf-ray': '6b032080ce46597d-AMS',
329 silly get     age: '30',
329 silly get     'cache-control': 'public, max-age=300',
329 silly get     etag: '"9723779f5cdfeba6b53055ff5df128d5"',
329 silly get     'last-modified': 'Tue, 02 Nov 2021 05:53:52 GMT',
329 silly get     vary: 'Accept-Encoding',
329 silly get     'cf-cache-status': 'HIT',
329 silly get     'expect-ct': 'max-age=604800, report-uri="https://report-uri.cloudflare.com/cdn-cgi/beacon/expect-ct"',
329 silly get     'x-amz-replication-status': 'PENDING',
329 silly get     server: 'cloudflare' } ]
330 verbose etag https://registry.npmjs.org/@testing-library%2fjest-dom from cache
331 verbose get saving @testing-library/jest-dom to /home/pradhant/.npm/registry.npmjs.org/_40testing-library_252fjest-dom/.cache.json
332 http 304 https://registry.npmjs.org/@react-pdf%2frenderer
333 verbose headers { date: 'Thu, 18 Nov 2021 18:05:26 GMT',
333 verbose headers   connection: 'keep-alive',
333 verbose headers   'cf-ray': '6b032080cbaf4172-AMS',
333 verbose headers   age: '9',
333 verbose headers   'cache-control': 'public, max-age=300',
333 verbose headers   etag: '"1e0be619e98e88487d5927cfc4c9221d"',
333 verbose headers   'last-modified': 'Sun, 07 Nov 2021 22:38:23 GMT',
333 verbose headers   vary: 'Accept-Encoding',
333 verbose headers   'cf-cache-status': 'HIT',
333 verbose headers   'expect-ct': 'max-age=604800, report-uri="https://report-uri.cloudflare.com/cdn-cgi/beacon/expect-ct"',
333 verbose headers   'x-amz-replication-status': 'COMPLETED',
333 verbose headers   server: 'cloudflare' }
334 silly get cb [ 304,
334 silly get   { date: 'Thu, 18 Nov 2021 18:05:26 GMT',
334 silly get     connection: 'keep-alive',
334 silly get     'cf-ray': '6b032080cbaf4172-AMS',
334 silly get     age: '9',
334 silly get     'cache-control': 'public, max-age=300',
334 silly get     etag: '"1e0be619e98e88487d5927cfc4c9221d"',
334 silly get     'last-modified': 'Sun, 07 Nov 2021 22:38:23 GMT',
334 silly get     vary: 'Accept-Encoding',
334 silly get     'cf-cache-status': 'HIT',
334 silly get     'expect-ct': 'max-age=604800, report-uri="https://report-uri.cloudflare.com/cdn-cgi/beacon/expect-ct"',
334 silly get     'x-amz-replication-status': 'COMPLETED',
334 silly get     server: 'cloudflare' } ]
335 verbose etag https://registry.npmjs.org/@react-pdf%2frenderer from cache
336 verbose get saving @react-pdf/renderer to /home/pradhant/.npm/registry.npmjs.org/_40react-pdf_252frenderer/.cache.json
337 http 304 https://registry.npmjs.org/bootstrap
338 verbose headers { date: 'Thu, 18 Nov 2021 18:05:26 GMT',
338 verbose headers   connection: 'keep-alive',
338 verbose headers   'cf-ray': '6b032081199f5971-AMS',
338 verbose headers   age: '248',
338 verbose headers   'cache-control': 'public, max-age=300',
338 verbose headers   etag: '"5217553946aab91d0afcb484303e449b"',
338 verbose headers   'last-modified': 'Thu, 28 Oct 2021 15:31:47 GMT',
338 verbose headers   vary: 'Accept-Encoding',
338 verbose headers   'cf-cache-status': 'HIT',
338 verbose headers   'expect-ct': 'max-age=604800, report-uri="https://report-uri.cloudflare.com/cdn-cgi/beacon/expect-ct"',
338 verbose headers   'x-amz-replication-status': 'PENDING',
338 verbose headers   server: 'cloudflare' }
339 silly get cb [ 304,
339 silly get   { date: 'Thu, 18 Nov 2021 18:05:26 GMT',
339 silly get     connection: 'keep-alive',
339 silly get     'cf-ray': '6b032081199f5971-AMS',
339 silly get     age: '248',
339 silly get     'cache-control': 'public, max-age=300',
339 silly get     etag: '"5217553946aab91d0afcb484303e449b"',
339 silly get     'last-modified': 'Thu, 28 Oct 2021 15:31:47 GMT',
339 silly get     vary: 'Accept-Encoding',
339 silly get     'cf-cache-status': 'HIT',
339 silly get     'expect-ct': 'max-age=604800, report-uri="https://report-uri.cloudflare.com/cdn-cgi/beacon/expect-ct"',
339 silly get     'x-amz-replication-status': 'PENDING',
339 silly get     server: 'cloudflare' } ]
340 verbose etag https://registry.npmjs.org/bootstrap from cache
341 verbose get saving bootstrap to /home/pradhant/.npm/registry.npmjs.org/bootstrap/.cache.json
342 http 304 https://registry.npmjs.org/react-bootstrap-range-slider
343 verbose headers { date: 'Thu, 18 Nov 2021 18:05:27 GMT',
343 verbose headers   connection: 'keep-alive',
343 verbose headers   'cf-ray': '6b032080cf811ece-AMS',
343 verbose headers   'cache-control': 'public, max-age=300',
343 verbose headers   etag: '"3206c4c987564ae312e5de5158e63065"',
343 verbose headers   'last-modified': 'Sun, 31 Oct 2021 12:17:51 GMT',
343 verbose headers   vary: 'Accept-Encoding',
343 verbose headers   'cf-cache-status': 'REVALIDATED',
343 verbose headers   'expect-ct': 'max-age=604800, report-uri="https://report-uri.cloudflare.com/cdn-cgi/beacon/expect-ct"',
343 verbose headers   'x-amz-replication-status': 'COMPLETED',
343 verbose headers   server: 'cloudflare' }
344 silly get cb [ 304,
344 silly get   { date: 'Thu, 18 Nov 2021 18:05:27 GMT',
344 silly get     connection: 'keep-alive',
344 silly get     'cf-ray': '6b032080cf811ece-AMS',
344 silly get     'cache-control': 'public, max-age=300',
344 silly get     etag: '"3206c4c987564ae312e5de5158e63065"',
344 silly get     'last-modified': 'Sun, 31 Oct 2021 12:17:51 GMT',
344 silly get     vary: 'Accept-Encoding',
344 silly get     'cf-cache-status': 'REVALIDATED',
344 silly get     'expect-ct': 'max-age=604800, report-uri="https://report-uri.cloudflare.com/cdn-cgi/beacon/expect-ct"',
344 silly get     'x-amz-replication-status': 'COMPLETED',
344 silly get     server: 'cloudflare' } ]
345 verbose etag https://registry.npmjs.org/react-bootstrap-range-slider from cache
346 verbose get saving react-bootstrap-range-slider to /home/pradhant/.npm/registry.npmjs.org/react-bootstrap-range-slider/.cache.json
347 http 304 https://registry.npmjs.org/react-bootstrap-slider
348 verbose headers { date: 'Thu, 18 Nov 2021 18:05:27 GMT',
348 verbose headers   connection: 'keep-alive',
348 verbose headers   'cf-ray': '6b032080ccbe0b74-AMS',
348 verbose headers   'cache-control': 'public, max-age=300',
348 verbose headers   etag: '"4d3e50d9ddc55ef3a9446371ccddd492"',
348 verbose headers   'last-modified': 'Thu, 18 Jun 2020 11:49:12 GMT',
348 verbose headers   vary: 'Accept-Encoding',
348 verbose headers   'cf-cache-status': 'REVALIDATED',
348 verbose headers   'expect-ct': 'max-age=604800, report-uri="https://report-uri.cloudflare.com/cdn-cgi/beacon/expect-ct"',
348 verbose headers   server: 'cloudflare' }
349 silly get cb [ 304,
349 silly get   { date: 'Thu, 18 Nov 2021 18:05:27 GMT',
349 silly get     connection: 'keep-alive',
349 silly get     'cf-ray': '6b032080ccbe0b74-AMS',
349 silly get     'cache-control': 'public, max-age=300',
349 silly get     etag: '"4d3e50d9ddc55ef3a9446371ccddd492"',
349 silly get     'last-modified': 'Thu, 18 Jun 2020 11:49:12 GMT',
349 silly get     vary: 'Accept-Encoding',
349 silly get     'cf-cache-status': 'REVALIDATED',
349 silly get     'expect-ct': 'max-age=604800, report-uri="https://report-uri.cloudflare.com/cdn-cgi/beacon/expect-ct"',
349 silly get     server: 'cloudflare' } ]
350 verbose etag https://registry.npmjs.org/react-bootstrap-slider from cache
351 verbose get saving react-bootstrap-slider to /home/pradhant/.npm/registry.npmjs.org/react-bootstrap-slider/.cache.json
352 http 304 https://registry.npmjs.org/@david.kucsai%2freact-pdf-table
353 verbose headers { date: 'Thu, 18 Nov 2021 18:05:28 GMT',
353 verbose headers   connection: 'keep-alive',
353 verbose headers   'cf-ray': '6b032080b8b20109-AMS',
353 verbose headers   'cache-control': 'public, max-age=300',
353 verbose headers   etag: '"0a0510e61f9a838a3d31fc8809971f50"',
353 verbose headers   'last-modified': 'Wed, 05 Feb 2020 10:29:25 GMT',
353 verbose headers   vary: 'Accept-Encoding',
353 verbose headers   'cf-cache-status': 'REVALIDATED',
353 verbose headers   'expect-ct': 'max-age=604800, report-uri="https://report-uri.cloudflare.com/cdn-cgi/beacon/expect-ct"',
353 verbose headers   server: 'cloudflare' }
354 silly get cb [ 304,
354 silly get   { date: 'Thu, 18 Nov 2021 18:05:28 GMT',
354 silly get     connection: 'keep-alive',
354 silly get     'cf-ray': '6b032080b8b20109-AMS',
354 silly get     'cache-control': 'public, max-age=300',
354 silly get     etag: '"0a0510e61f9a838a3d31fc8809971f50"',
354 silly get     'last-modified': 'Wed, 05 Feb 2020 10:29:25 GMT',
354 silly get     vary: 'Accept-Encoding',
354 silly get     'cf-cache-status': 'REVALIDATED',
354 silly get     'expect-ct': 'max-age=604800, report-uri="https://report-uri.cloudflare.com/cdn-cgi/beacon/expect-ct"',
354 silly get     server: 'cloudflare' } ]
355 verbose etag https://registry.npmjs.org/@david.kucsai%2freact-pdf-table from cache
356 verbose get saving @david.kucsai/react-pdf-table to /home/pradhant/.npm/registry.npmjs.org/_40david.kucsai_252freact-pdf-table/.cache.json
357 info outdated updating [ { dep:
357 info outdated      { package: [Object],
357 info outdated        path: '/home/pradhant/Personal/Playground/RetroBoard',
357 info outdated        parent: [Object],
357 info outdated        isMissing: true },
357 info outdated     depname: '@testing-library/jest-dom',
357 info outdated     current: undefined,
357 info outdated     wanted: '4.2.4',
357 info outdated     latest: '5.15.0',
357 info outdated     req: '^4.2.4',
357 info outdated     what: '@testing-library/jest-dom@4.2.4' },
357 info outdated   { dep:
357 info outdated      { package: [Object],
357 info outdated        path: '/home/pradhant/Personal/Playground/RetroBoard',
357 info outdated        parent: [Object],
357 info outdated        isMissing: true },
357 info outdated     depname: '@testing-library/react',
357 info outdated     current: undefined,
357 info outdated     wanted: '9.5.0',
357 info outdated     latest: '12.1.2',
357 info outdated     req: '^9.4.0',
357 info outdated     what: '@testing-library/react@9.5.0' },
357 info outdated   { dep:
357 info outdated      { package: [Object],
357 info outdated        path: '/home/pradhant/Personal/Playground/RetroBoard',
357 info outdated        parent: [Object],
357 info outdated        isMissing: true },
357 info outdated     depname: '@testing-library/user-event',
357 info outdated     current: undefined,
357 info outdated     wanted: '7.2.1',
357 info outdated     latest: '13.5.0',
357 info outdated     req: '^7.2.1',
357 info outdated     what: '@testing-library/user-event@7.2.1' },
357 info outdated   { dep:
357 info outdated      { package: [Object],
357 info outdated        path: '/home/pradhant/Personal/Playground/RetroBoard',
357 info outdated        parent: [Object],
357 info outdated        isMissing: true },
357 info outdated     depname: 'axios',
357 info outdated     current: undefined,
357 info outdated     wanted: '0.19.2',
357 info outdated     latest: '0.24.0',
357 info outdated     req: '^0.19.2',
357 info outdated     what: 'axios@0.19.2' },
357 info outdated   { dep:
357 info outdated      { package: [Object],
357 info outdated        path: '/home/pradhant/Personal/Playground/RetroBoard',
357 info outdated        parent: [Object],
357 info outdated        isMissing: true },
357 info outdated     depname: 'bootstrap',
357 info outdated     current: undefined,
357 info outdated     wanted: '4.6.1',
357 info outdated     latest: '5.1.3',
357 info outdated     req: '^4.4.1',
357 info outdated     what: 'bootstrap@4.6.1' },
357 info outdated   { dep:
357 info outdated      { package: [Object],
357 info outdated        path: '/home/pradhant/Personal/Playground/RetroBoard',
357 info outdated        parent: [Object],
357 info outdated        isMissing: true },
357 info outdated     depname: 'chart.js',
357 info outdated     current: undefined,
357 info outdated     wanted: '2.9.4',
357 info outdated     latest: '3.6.0',
357 info outdated     req: '^2.9.3',
357 info outdated     what: 'chart.js@2.9.4' },
357 info outdated   { dep:
357 info outdated      { package: [Object],
357 info outdated        path: '/home/pradhant/Personal/Playground/RetroBoard',
357 info outdated        parent: [Object],
357 info outdated        isMissing: true },
357 info outdated     depname: 'immutability-helper',
357 info outdated     current: undefined,
357 info outdated     wanted: '3.1.1',
357 info outdated     latest: '3.1.1',
357 info outdated     req: '^3.0.2',
357 info outdated     what: 'immutability-helper@3.1.1' },
357 info outdated   { dep:
357 info outdated      { package: [Object],
357 info outdated        path: '/home/pradhant/Personal/Playground/RetroBoard',
357 info outdated        parent: [Object],
357 info outdated        isMissing: true },
357 info outdated     depname: 'react',
357 info outdated     current: undefined,
357 info outdated     wanted: '16.14.0',
357 info outdated     latest: '17.0.2',
357 info outdated     req: '^16.12.0',
357 info outdated     what: 'react@16.14.0' },
357 info outdated   { dep:
357 info outdated      { package: [Object],
357 info outdated        path: '/home/pradhant/Personal/Playground/RetroBoard',
357 info outdated        parent: [Object],
357 info outdated        isMissing: true },
357 info outdated     depname: 'react-bootstrap',
357 info outdated     current: undefined,
357 info outdated     wanted: '1.6.4',
357 info outdated     latest: '2.0.2',
357 info outdated     req: '^1.0.0-beta.16',
357 info outdated     what: 'react-bootstrap@1.6.4' },
357 info outdated   { dep:
357 info outdated      { package: [Object],
357 info outdated        path: '/home/pradhant/Personal/Playground/RetroBoard',
357 info outdated        parent: [Object],
357 info outdated        isMissing: true },
357 info outdated     depname: 'react-bootstrap-range-slider',
357 info outdated     current: undefined,
357 info outdated     wanted: '0.3.8',
357 info outdated     latest: '3.0.3',
357 info outdated     req: '^0.3.0',
357 info outdated     what: 'react-bootstrap-range-slider@0.3.8' },
357 info outdated   { dep:
357 info outdated      { package: [Object],
357 info outdated        path: '/home/pradhant/Personal/Playground/RetroBoard',
357 info outdated        parent: [Object],
357 info outdated        isMissing: true },
357 info outdated     depname: 'react-bootstrap-slider',
357 info outdated     current: undefined,
357 info outdated     wanted: '2.2.3',
357 info outdated     latest: '3.0.0',
357 info outdated     req: '^2.2.3',
357 info outdated     what: 'react-bootstrap-slider@2.2.3' },
357 info outdated   { dep:
357 info outdated      { package: [Object],
357 info outdated        path: '/home/pradhant/Personal/Playground/RetroBoard',
357 info outdated        parent: [Object],
357 info outdated        isMissing: true },
357 info outdated     depname: 'react-chartjs-2',
357 info outdated     current: undefined,
357 info outdated     wanted: '2.11.2',
357 info outdated     latest: '3.3.0',
357 info outdated     req: '^2.9.0',
357 info outdated     what: 'react-chartjs-2@2.11.2' },
357 info outdated   { dep:
357 info outdated      { package: [Object],
357 info outdated        path: '/home/pradhant/Personal/Playground/RetroBoard',
357 info outdated        parent: [Object],
357 info outdated        isMissing: true },
357 info outdated     depname: 'react-dom',
357 info outdated     current: undefined,
357 info outdated     wanted: '16.14.0',
357 info outdated     latest: '17.0.2',
357 info outdated     req: '^16.13.1',
357 info outdated     what: 'react-dom@16.14.0' },
357 info outdated   { dep:
357 info outdated      { package: [Object],
357 info outdated        path: '/home/pradhant/Personal/Playground/RetroBoard',
357 info outdated        parent: [Object],
357 info outdated        isMissing: true },
357 info outdated     depname: 'react-google-charts',
357 info outdated     current: undefined,
357 info outdated     wanted: '3.0.15',
357 info outdated     latest: '3.0.15',
357 info outdated     req: '^3.0.15',
357 info outdated     what: 'react-google-charts@3.0.15' },
357 info outdated   { dep:
357 info outdated      { package: [Object],
357 info outdated        path: '/home/pradhant/Personal/Playground/RetroBoard',
357 info outdated        parent: [Object],
357 info outdated        isMissing: true },
357 info outdated     depname: 'react-router-dom',
357 info outdated     current: undefined,
357 info outdated     wanted: '5.3.0',
357 info outdated     latest: '6.0.2',
357 info outdated     req: '^5.1.2',
357 info outdated     what: 'react-router-dom@5.3.0' },
357 info outdated   { dep:
357 info outdated      { package: [Object],
357 info outdated        path: '/home/pradhant/Personal/Playground/RetroBoard',
357 info outdated        parent: [Object],
357 info outdated        isMissing: true },
357 info outdated     depname: 'react-scripts',
357 info outdated     current: undefined,
357 info outdated     wanted: '3.4.4',
357 info outdated     latest: '4.0.3',
357 info outdated     req: '^3.4.3',
357 info outdated     what: 'react-scripts@3.4.4' },
357 info outdated   { dep:
357 info outdated      Node {
357 info outdated        id: 171,
357 info outdated        package: [Object],
357 info outdated        path: '/home/pradhant/Personal/Playground/RetroBoard/node_modules/@react-pdf/renderer',
357 info outdated        realpath: '/home/pradhant/Personal/Playground/RetroBoard/node_modules/@react-pdf/renderer',
357 info outdated        parent: [Object],
357 info outdated        isLink: false,
357 info outdated        children: [Array],
357 info outdated        error: null,
357 info outdated        loaded: false,
357 info outdated        requiredBy: [Array],
357 info outdated        requires: [Array],
357 info outdated        missingDeps: {},
357 info outdated        missingDevDeps: {},
357 info outdated        userRequired: false,
357 info outdated        existing: false,
357 info outdated        missingPeers: [Object] },
357 info outdated     depname: '@react-pdf/renderer',
357 info outdated     current: '1.6.8',
357 info outdated     wanted: '1.6.17',
357 info outdated     latest: '2.0.21',
357 info outdated     req: '^1.6.8',
357 info outdated     what: '@react-pdf/renderer@1.6.17' },
357 info outdated   { dep:
357 info outdated      Node {
357 info outdated        id: 50,
357 info outdated        package: [Object],
357 info outdated        path: '/home/pradhant/Personal/Playground/RetroBoard/node_modules/file-saver',
357 info outdated        realpath: '/home/pradhant/Personal/Playground/RetroBoard/node_modules/file-saver',
357 info outdated        parent: [Object],
357 info outdated        isLink: false,
357 info outdated        children: [],
357 info outdated        error: null,
357 info outdated        loaded: false,
357 info outdated        requiredBy: [Array],
357 info outdated        requires: [],
357 info outdated        missingDeps: {},
357 info outdated        missingDevDeps: {},
357 info outdated        userRequired: false,
357 info outdated        existing: false },
357 info outdated     depname: 'file-saver',
357 info outdated     current: '2.0.2',
357 info outdated     wanted: '2.0.5',
357 info outdated     latest: '2.0.5',
357 info outdated     req: '^2.0.2',
357 info outdated     what: 'file-saver@2.0.5' },
357 info outdated   { dep:
357 info outdated      Node {
357 info outdated        id: 100,
357 info outdated        package: [Object],
357 info outdated        path: '/home/pradhant/Personal/Playground/RetroBoard/node_modules/react-beautiful-dnd',
357 info outdated        realpath: '/home/pradhant/Personal/Playground/RetroBoard/node_modules/react-beautiful-dnd',
357 info outdated        parent: [Object],
357 info outdated        isLink: false,
357 info outdated        children: [Array],
357 info outdated        error: null,
357 info outdated        loaded: false,
357 info outdated        requiredBy: [Array],
357 info outdated        requires: [Array],
357 info outdated        missingDeps: {},
357 info outdated        missingDevDeps: {},
357 info outdated        userRequired: false,
357 info outdated        existing: false,
357 info outdated        missingPeers: [Object] },
357 info outdated     depname: 'react-beautiful-dnd',
357 info outdated     current: '13.0.0',
357 info outdated     wanted: '13.1.0',
357 info outdated     latest: '13.1.0',
357 info outdated     req: '^13.0.0',
357 info outdated     what: 'react-beautiful-dnd@13.1.0' },
357 info outdated   { dep:
357 info outdated      Node {
357 info outdated        id: 107,
357 info outdated        package: [Object],
357 info outdated        path: '/home/pradhant/Personal/Playground/RetroBoard/node_modules/react-select',
357 info outdated        realpath: '/home/pradhant/Personal/Playground/RetroBoard/node_modules/react-select',
357 info outdated        parent: [Object],
357 info outdated        isLink: false,
357 info outdated        children: [Array],
357 info outdated        error: null,
357 info outdated        loaded: false,
357 info outdated        requiredBy: [Array],
357 info outdated        requires: [Array],
357 info outdated        missingDeps: {},
357 info outdated        missingDevDeps: {},
357 info outdated        userRequired: false,
357 info outdated        existing: false,
357 info outdated        missingPeers: [Object] },
357 info outdated     depname: 'react-select',
357 info outdated     current: '3.1.0',
357 info outdated     wanted: '3.2.0',
357 info outdated     latest: '5.2.1',
357 info outdated     req: '^3.1.0',
357 info outdated     what: 'react-select@3.2.0' },
357 info outdated   { dep:
357 info outdated      Node {
357 info outdated        id: 128,
357 info outdated        package: [Object],
357 info outdated        path: '/home/pradhant/Personal/Playground/RetroBoard/node_modules/string-similarity',
357 info outdated        realpath: '/home/pradhant/Personal/Playground/RetroBoard/node_modules/string-similarity',
357 info outdated        parent: [Object],
357 info outdated        isLink: false,
357 info outdated        children: [],
357 info outdated        error: null,
357 info outdated        loaded: false,
357 info outdated        requiredBy: [Array],
357 info outdated        requires: [],
357 info outdated        missingDeps: {},
357 info outdated        missingDevDeps: {},
357 info outdated        userRequired: false,
357 info outdated        existing: false },
357 info outdated     depname: 'string-similarity',
357 info outdated     current: '4.0.1',
357 info outdated     wanted: '4.0.4',
357 info outdated     latest: '4.0.4',
357 info outdated     req: '^4.0.1',
357 info outdated     what: 'string-similarity@4.0.4' },
357 info outdated   { dep:
357 info outdated      Node {
357 info outdated        id: 185,
357 info outdated        package: [Object],
357 info outdated        path: '/home/pradhant/Personal/Playground/RetroBoard/node_modules/uuid',
357 info outdated        realpath: '/home/pradhant/Personal/Playground/RetroBoard/node_modules/uuid',
357 info outdated        parent: [Object],
357 info outdated        isLink: false,
357 info outdated        children: [],
357 info outdated        error: null,
357 info outdated        loaded: false,
357 info outdated        requiredBy: [Array],
357 info outdated        requires: [],
357 info outdated        missingDeps: {},
357 info outdated        missingDevDeps: {},
357 info outdated        userRequired: true,
357 info outdated        existing: false },
357 info outdated     depname: 'uuid',
357 info outdated     current: '8.3.0',
357 info outdated     wanted: '8.3.2',
357 info outdated     latest: '8.3.2',
357 info outdated     req: '*',
357 info outdated     what: 'uuid@8.3.2' } ]
358 silly loadCurrentTree Starting
359 silly install loadCurrentTree
360 silly install readLocalPackageData
361 silly fetchPackageMetaData @testing-library/jest-dom@4.2.4
362 silly fetchPackageMetaData @testing-library/react@9.5.0
363 silly fetchPackageMetaData @testing-library/user-event@7.2.1
364 silly fetchPackageMetaData axios@0.19.2
365 silly fetchPackageMetaData bootstrap@4.6.1
366 silly fetchPackageMetaData chart.js@2.9.4
367 silly fetchPackageMetaData immutability-helper@3.1.1
368 silly fetchPackageMetaData react@16.14.0
369 silly fetchPackageMetaData react-bootstrap@1.6.4
370 silly fetchPackageMetaData react-bootstrap-range-slider@0.3.8
371 silly fetchPackageMetaData react-bootstrap-slider@2.2.3
372 silly fetchPackageMetaData react-chartjs-2@2.11.2
373 silly fetchPackageMetaData react-dom@16.14.0
374 silly fetchPackageMetaData react-google-charts@3.0.15
375 silly fetchPackageMetaData react-router-dom@5.3.0
376 silly fetchPackageMetaData react-scripts@3.4.4
377 silly fetchPackageMetaData @react-pdf/renderer@1.6.17
378 silly fetchPackageMetaData file-saver@2.0.5
379 silly fetchPackageMetaData react-beautiful-dnd@13.1.0
380 silly fetchPackageMetaData react-select@3.2.0
381 silly fetchPackageMetaData string-similarity@4.0.4
382 silly fetchPackageMetaData uuid@8.3.2
383 silly fetchNamedPackageData @testing-library/jest-dom
384 silly mapToRegistry name @testing-library/jest-dom
385 silly mapToRegistry scope (from package name) @testing-library
386 verbose mapToRegistry no registry URL found in name for scope @testing-library
387 silly mapToRegistry using default registry
388 silly mapToRegistry registry https://registry.npmjs.org/
389 silly mapToRegistry uri https://registry.npmjs.org/@testing-library%2fjest-dom
390 silly fetchNamedPackageData @testing-library/react
391 silly mapToRegistry name @testing-library/react
392 silly mapToRegistry scope (from package name) @testing-library
393 verbose mapToRegistry no registry URL found in name for scope @testing-library
394 silly mapToRegistry using default registry
395 silly mapToRegistry registry https://registry.npmjs.org/
396 silly mapToRegistry uri https://registry.npmjs.org/@testing-library%2freact
397 silly fetchNamedPackageData @testing-library/user-event
398 silly mapToRegistry name @testing-library/user-event
399 silly mapToRegistry scope (from package name) @testing-library
400 verbose mapToRegistry no registry URL found in name for scope @testing-library
401 silly mapToRegistry using default registry
402 silly mapToRegistry registry https://registry.npmjs.org/
403 silly mapToRegistry uri https://registry.npmjs.org/@testing-library%2fuser-event
404 silly fetchNamedPackageData axios
405 silly mapToRegistry name axios
406 silly mapToRegistry using default registry
407 silly mapToRegistry registry https://registry.npmjs.org/
408 silly mapToRegistry uri https://registry.npmjs.org/axios
409 silly fetchNamedPackageData bootstrap
410 silly mapToRegistry name bootstrap
411 silly mapToRegistry using default registry
412 silly mapToRegistry registry https://registry.npmjs.org/
413 silly mapToRegistry uri https://registry.npmjs.org/bootstrap
414 silly fetchNamedPackageData chart.js
415 silly mapToRegistry name chart.js
416 silly mapToRegistry using default registry
417 silly mapToRegistry registry https://registry.npmjs.org/
418 silly mapToRegistry uri https://registry.npmjs.org/chart.js
419 silly fetchNamedPackageData immutability-helper
420 silly mapToRegistry name immutability-helper
421 silly mapToRegistry using default registry
422 silly mapToRegistry registry https://registry.npmjs.org/
423 silly mapToRegistry uri https://registry.npmjs.org/immutability-helper
424 silly fetchNamedPackageData react
425 silly mapToRegistry name react
426 silly mapToRegistry using default registry
427 silly mapToRegistry registry https://registry.npmjs.org/
428 silly mapToRegistry uri https://registry.npmjs.org/react
429 silly fetchNamedPackageData react-bootstrap
430 silly mapToRegistry name react-bootstrap
431 silly mapToRegistry using default registry
432 silly mapToRegistry registry https://registry.npmjs.org/
433 silly mapToRegistry uri https://registry.npmjs.org/react-bootstrap
434 silly fetchNamedPackageData react-bootstrap-range-slider
435 silly mapToRegistry name react-bootstrap-range-slider
436 silly mapToRegistry using default registry
437 silly mapToRegistry registry https://registry.npmjs.org/
438 silly mapToRegistry uri https://registry.npmjs.org/react-bootstrap-range-slider
439 silly fetchNamedPackageData react-bootstrap-slider
440 silly mapToRegistry name react-bootstrap-slider
441 silly mapToRegistry using default registry
442 silly mapToRegistry registry https://registry.npmjs.org/
443 silly mapToRegistry uri https://registry.npmjs.org/react-bootstrap-slider
444 silly fetchNamedPackageData react-chartjs-2
445 silly mapToRegistry name react-chartjs-2
446 silly mapToRegistry using default registry
447 silly mapToRegistry registry https://registry.npmjs.org/
448 silly mapToRegistry uri https://registry.npmjs.org/react-chartjs-2
449 silly fetchNamedPackageData react-dom
450 silly mapToRegistry name react-dom
451 silly mapToRegistry using default registry
452 silly mapToRegistry registry https://registry.npmjs.org/
453 silly mapToRegistry uri https://registry.npmjs.org/react-dom
454 silly fetchNamedPackageData react-google-charts
455 silly mapToRegistry name react-google-charts
456 silly mapToRegistry using default registry
457 silly mapToRegistry registry https://registry.npmjs.org/
458 silly mapToRegistry uri https://registry.npmjs.org/react-google-charts
459 silly fetchNamedPackageData react-router-dom
460 silly mapToRegistry name react-router-dom
461 silly mapToRegistry using default registry
462 silly mapToRegistry registry https://registry.npmjs.org/
463 silly mapToRegistry uri https://registry.npmjs.org/react-router-dom
464 silly fetchNamedPackageData react-scripts
465 silly mapToRegistry name react-scripts
466 silly mapToRegistry using default registry
467 silly mapToRegistry registry https://registry.npmjs.org/
468 silly mapToRegistry uri https://registry.npmjs.org/react-scripts
469 silly fetchNamedPackageData @react-pdf/renderer
470 silly mapToRegistry name @react-pdf/renderer
471 silly mapToRegistry scope (from package name) @react-pdf
472 verbose mapToRegistry no registry URL found in name for scope @react-pdf
473 silly mapToRegistry using default registry
474 silly mapToRegistry registry https://registry.npmjs.org/
475 silly mapToRegistry uri https://registry.npmjs.org/@react-pdf%2frenderer
476 silly fetchNamedPackageData file-saver
477 silly mapToRegistry name file-saver
478 silly mapToRegistry using default registry
479 silly mapToRegistry registry https://registry.npmjs.org/
480 silly mapToRegistry uri https://registry.npmjs.org/file-saver
481 silly fetchNamedPackageData react-beautiful-dnd
482 silly mapToRegistry name react-beautiful-dnd
483 silly mapToRegistry using default registry
484 silly mapToRegistry registry https://registry.npmjs.org/
485 silly mapToRegistry uri https://registry.npmjs.org/react-beautiful-dnd
486 silly fetchNamedPackageData react-select
487 silly mapToRegistry name react-select
488 silly mapToRegistry using default registry
489 silly mapToRegistry registry https://registry.npmjs.org/
490 silly mapToRegistry uri https://registry.npmjs.org/react-select
491 silly fetchNamedPackageData string-similarity
492 silly mapToRegistry name string-similarity
493 silly mapToRegistry using default registry
494 silly mapToRegistry registry https://registry.npmjs.org/
495 silly mapToRegistry uri https://registry.npmjs.org/string-similarity
496 silly fetchNamedPackageData uuid
497 silly mapToRegistry name uuid
498 silly mapToRegistry using default registry
499 silly mapToRegistry registry https://registry.npmjs.org/
500 silly mapToRegistry uri https://registry.npmjs.org/uuid
501 verbose get https://registry.npmjs.org/@testing-library%2fjest-dom not expired, no request
502 verbose get https://registry.npmjs.org/axios not expired, no request
503 verbose get https://registry.npmjs.org/chart.js not expired, no request
504 verbose get https://registry.npmjs.org/bootstrap not expired, no request
505 verbose get https://registry.npmjs.org/immutability-helper not expired, no request
506 verbose get https://registry.npmjs.org/@testing-library%2freact not expired, no request
507 verbose get https://registry.npmjs.org/react-bootstrap-range-slider not expired, no request
508 verbose get https://registry.npmjs.org/react-bootstrap-slider not expired, no request
509 verbose get https://registry.npmjs.org/react-bootstrap not expired, no request
510 verbose get https://registry.npmjs.org/react-chartjs-2 not expired, no request
511 verbose get https://registry.npmjs.org/react-google-charts not expired, no request
512 verbose get https://registry.npmjs.org/@testing-library%2fuser-event not expired, no request
513 verbose get https://registry.npmjs.org/react-router-dom not expired, no request
514 verbose get https://registry.npmjs.org/react-scripts not expired, no request
515 verbose get https://registry.npmjs.org/file-saver not expired, no request
516 verbose get https://registry.npmjs.org/@react-pdf%2frenderer not expired, no request
517 verbose get https://registry.npmjs.org/react not expired, no request
518 verbose get https://registry.npmjs.org/react-beautiful-dnd not expired, no request
519 verbose get https://registry.npmjs.org/string-similarity not expired, no request
520 verbose get https://registry.npmjs.org/react-select not expired, no request
521 verbose get https://registry.npmjs.org/uuid not expired, no request
522 verbose get https://registry.npmjs.org/react-dom not expired, no request
523 silly install normalizeTree
524 silly loadCurrentTree Finishing
525 silly loadIdealTree Starting
526 silly install loadIdealTree
527 silly cloneCurrentTree Starting
528 silly install cloneCurrentTreeToIdealTree
529 silly cloneCurrentTree Finishing
530 silly loadShrinkwrap Starting
531 silly install loadShrinkwrap
532 silly loadShrinkwrap Finishing
533 silly loadAllDepsIntoIdealTree Starting
534 silly install loadAllDepsIntoIdealTree
535 silly resolveWithNewModule @testing-library/jest-dom@4.2.4 checking installable status
536 silly cache add args [ '@testing-library/jest-dom@4.2.4', null ]
537 verbose cache add spec @testing-library/jest-dom@4.2.4
538 silly resolveWithNewModule axios@0.19.2 checking installable status
539 silly cache add args [ 'axios@0.19.2', null ]
540 verbose cache add spec axios@0.19.2
541 silly resolveWithNewModule chart.js@2.9.4 checking installable status
542 silly cache add args [ 'chart.js@2.9.4', null ]
543 verbose cache add spec chart.js@2.9.4
544 silly resolveWithNewModule bootstrap@4.6.1 checking installable status
545 silly cache add args [ 'bootstrap@4.6.1', null ]
546 verbose cache add spec bootstrap@4.6.1
547 silly resolveWithNewModule immutability-helper@3.1.1 checking installable status
548 silly cache add args [ 'immutability-helper@3.1.1', null ]
549 verbose cache add spec immutability-helper@3.1.1
550 silly resolveWithNewModule @testing-library/react@9.5.0 checking installable status
551 silly cache add args [ '@testing-library/react@9.5.0', null ]
552 verbose cache add spec @testing-library/react@9.5.0
553 silly resolveWithNewModule react-bootstrap-range-slider@0.3.8 checking installable status
554 silly cache add args [ 'react-bootstrap-range-slider@0.3.8', null ]
555 verbose cache add spec react-bootstrap-range-slider@0.3.8
556 silly resolveWithNewModule react-bootstrap-slider@2.2.3 checking installable status
557 silly cache add args [ 'react-bootstrap-slider@2.2.3', null ]
558 verbose cache add spec react-bootstrap-slider@2.2.3
559 silly resolveWithNewModule react-bootstrap@1.6.4 checking installable status
560 silly cache add args [ 'react-bootstrap@1.6.4', null ]
561 verbose cache add spec react-bootstrap@1.6.4
562 silly resolveWithNewModule react-chartjs-2@2.11.2 checking installable status
563 silly cache add args [ 'react-chartjs-2@2.11.2', null ]
564 verbose cache add spec react-chartjs-2@2.11.2
565 verbose stack Error: Missing required argument #1
565 verbose stack     at andLogAndFinish (/usr/share/npm/lib/fetch-package-metadata.js:31:3)
565 verbose stack     at fetchPackageMetadata (/usr/share/npm/lib/fetch-package-metadata.js:51:22)
565 verbose stack     at resolveWithNewModule (/usr/share/npm/lib/install/deps.js:456:12)
565 verbose stack     at /usr/share/npm/lib/install/deps.js:190:5
565 verbose stack     at /usr/share/npm/node_modules/slide/lib/async-map.js:52:35
565 verbose stack     at Array.forEach (<anonymous>)
565 verbose stack     at /usr/share/npm/node_modules/slide/lib/async-map.js:52:11
565 verbose stack     at Array.forEach (<anonymous>)
565 verbose stack     at asyncMap (/usr/share/npm/node_modules/slide/lib/async-map.js:51:8)
565 verbose stack     at exports.loadRequestedDeps (/usr/share/npm/lib/install/deps.js:188:3)
566 verbose cwd /home/pradhant/Personal/Playground/RetroBoard
567 error Linux 5.4.0-90-generic
568 error argv "/usr/bin/node" "/usr/bin/npm" "update" "--save"
569 error node v8.10.0
570 error npm  v3.5.2
571 error code EMISSINGARG
572 error typeerror Error: Missing required argument #1
572 error typeerror     at andLogAndFinish (/usr/share/npm/lib/fetch-package-metadata.js:31:3)
572 error typeerror     at fetchPackageMetadata (/usr/share/npm/lib/fetch-package-metadata.js:51:22)
572 error typeerror     at resolveWithNewModule (/usr/share/npm/lib/install/deps.js:456:12)
572 error typeerror     at /usr/share/npm/lib/install/deps.js:190:5
572 error typeerror     at /usr/share/npm/node_modules/slide/lib/async-map.js:52:35
572 error typeerror     at Array.forEach (<anonymous>)
572 error typeerror     at /usr/share/npm/node_modules/slide/lib/async-map.js:52:11
572 error typeerror     at Array.forEach (<anonymous>)
572 error typeerror     at asyncMap (/usr/share/npm/node_modules/slide/lib/async-map.js:51:8)
572 error typeerror     at exports.loadRequestedDeps (/usr/share/npm/lib/install/deps.js:188:3)
573 error typeerror This is an error with npm itself. Please report this error at:
573 error typeerror     <http://github.com/npm/npm/issues>
574 verbose exit [ 1, true ]
